2018/08/16 11:17:48 [INFO] Terraform version: 0.11.7  41e50bd32a8825a84535e353c3674af8ce799161
2018/08/16 11:17:48 [INFO] Go runtime version: go1.10.1
2018/08/16 11:17:48 [INFO] CLI args: []string{"/home/jpbb/go/bin/terraform", "apply"}
2018/08/16 11:17:48 [DEBUG] Attempting to open CLI config file: /home/jpbb/.terraformrc
2018/08/16 11:17:48 [DEBUG] File doesn't exist, but doesn't need to. Ignoring.
2018/08/16 11:17:48 [INFO] CLI command args: []string{"apply"}
2018/08/16 11:17:48 [INFO] command: empty terraform config, returning nil
2018/08/16 11:17:48 [DEBUG] command: no data state file found for backend config
2018/08/16 11:17:48 [DEBUG] New state was assigned lineage "d651df7a-2757-abe7-4c7d-1f544930ead8"
2018/08/16 11:17:48 [INFO] command: backend initialized: <nil>
2018/08/16 11:17:48 [DEBUG] checking for provider in "."
2018/08/16 11:17:48 [DEBUG] checking for provider in "/home/jpbb/go/bin"
2018/08/16 11:17:48 [WARN] found legacy provider "terraform-provider-netbox"
2018/08/16 11:17:48 [DEBUG] checking for provider in ".terraform/plugins/linux_amd64"
2018/08/16 11:17:48 [DEBUG] found valid plugin: "netbox", "0.0.0", "/home/jpbb/go/bin/terraform-provider-netbox"
2018/08/16 11:17:48 [DEBUG] checking for provisioner in "."
2018/08/16 11:17:48 [DEBUG] checking for provisioner in "/home/jpbb/go/bin"
2018/08/16 11:17:48 [DEBUG] checking for provisioner in ".terraform/plugins/linux_amd64"
2018/08/16 11:17:48 [INFO] command: backend <nil> is not enhanced, wrapping in local
2018/08/16 11:17:48 [INFO] backend/local: starting Apply operation
2018/08/16 11:17:48 [TRACE] Preserving existing state lineage "4ae4d804-edcf-139a-4d4e-07c1ea8f519e"
2018/08/16 11:17:48 [TRACE] Preserving existing state lineage "4ae4d804-edcf-139a-4d4e-07c1ea8f519e"
2018/08/16 11:17:48 [INFO] terraform: building graph: GraphTypeInput
2018/08/16 11:17:48 [TRACE] ConfigTransformer: Starting for path: []
2018/08/16 11:17:48 [TRACE] Graph after step *terraform.ConfigTransformer:

data.netbox_prefixes.prefixes - *terraform.NodeAbstractResource
2018/08/16 11:17:48 [TRACE] Graph after step *terraform.LocalTransformer:

data.netbox_prefixes.prefixes - *terraform.NodeAbstractResource
2018/08/16 11:17:48 [TRACE] Graph after step *terraform.OutputTransformer:

data.netbox_prefixes.prefixes - *terraform.NodeAbstractResource
2018/08/16 11:17:48 [TRACE] Graph after step *terraform.OrphanResourceTransformer:

data.netbox_prefixes.prefixes - *terraform.NodeAbstractResource
2018/08/16 11:17:48 [TRACE] Graph after step *terraform.OrphanOutputTransformer:

data.netbox_prefixes.prefixes - *terraform.NodeAbstractResource
2018/08/16 11:17:48 [TRACE] AttachResourceConfigTransformer: Beginning...
2018/08/16 11:17:48 [TRACE] AttachResourceConfigTransformer: Attach resource config request: data.netbox_prefixes.prefixes
2018/08/16 11:17:48 [TRACE] Attaching resource config: &config.Resource{Mode:1, Name:"prefixes", Type:"netbox_prefixes", RawCount:(*config.RawConfig)(0xc4202b3b20), RawConfig:(*config.RawConfig)(0xc4202b3ab0), Provisioners:[]*config.Provisioner{}, Provider:"", DependsOn:[]string(nil), Lifecycle:config.ResourceLifecycle{CreateBeforeDestroy:false, PreventDestroy:false, IgnoreChanges:[]string(nil)}}
2018/08/16 11:17:48 [TRACE] Graph after step *terraform.AttachResourceConfigTransformer:

data.netbox_prefixes.prefixes - *terraform.NodeAbstractResource
2018/08/16 11:17:48 [DEBUG] Resource state not found for "data.netbox_prefixes.prefixes": data.netbox_prefixes.prefixes
2018/08/16 11:17:48 [TRACE] Graph after step *terraform.AttachStateTransformer:

data.netbox_prefixes.prefixes - *terraform.NodeAbstractResource
2018/08/16 11:17:48 [TRACE] Graph after step *terraform.RootVariableTransformer:

data.netbox_prefixes.prefixes - *terraform.NodeAbstractResource
2018/08/16 11:17:48 [TRACE] ProviderConfigTransformer: Starting for path: []
2018/08/16 11:17:48 [TRACE] Attach provider request: []string{} netbox
2018/08/16 11:17:48 [TRACE] Attaching provider config: *config.ProviderConfig{Name:"netbox", Alias:"", Version:"", RawConfig:(*config.RawConfig)(0xc4202b3a40)}
2018/08/16 11:17:48 [TRACE] Graph after step *terraform.ProviderConfigTransformer:

data.netbox_prefixes.prefixes - *terraform.NodeAbstractResource
provider.netbox - *terraform.NodeApplyableProvider
2018/08/16 11:17:48 [TRACE] Graph after step *terraform.MissingProviderTransformer:

data.netbox_prefixes.prefixes - *terraform.NodeAbstractResource
provider.netbox - *terraform.NodeApplyableProvider
2018/08/16 11:17:48 [DEBUG] resource data.netbox_prefixes.prefixes using provider provider.netbox
2018/08/16 11:17:48 [TRACE] Graph after step *terraform.ProviderTransformer:

data.netbox_prefixes.prefixes - *terraform.NodeAbstractResource
  provider.netbox - *terraform.NodeApplyableProvider
provider.netbox - *terraform.NodeApplyableProvider
2018/08/16 11:17:48 [TRACE] Graph after step *terraform.PruneProviderTransformer:

data.netbox_prefixes.prefixes - *terraform.NodeAbstractResource
  provider.netbox - *terraform.NodeApplyableProvider
provider.netbox - *terraform.NodeApplyableProvider
2018/08/16 11:17:48 [TRACE] Graph after step *terraform.ParentProviderTransformer:

data.netbox_prefixes.prefixes - *terraform.NodeAbstractResource
  provider.netbox - *terraform.NodeApplyableProvider
provider.netbox - *terraform.NodeApplyableProvider
2018/08/16 11:17:48 [TRACE] Graph after step *terraform.graphTransformerMulti:

data.netbox_prefixes.prefixes - *terraform.NodeAbstractResource
  provider.netbox - *terraform.NodeApplyableProvider
provider.netbox - *terraform.NodeApplyableProvider
2018/08/16 11:17:48 [TRACE] Graph after step *terraform.ModuleVariableTransformer:

data.netbox_prefixes.prefixes - *terraform.NodeAbstractResource
  provider.netbox - *terraform.NodeApplyableProvider
provider.netbox - *terraform.NodeApplyableProvider
2018/08/16 11:17:48 [TRACE] Graph after step *terraform.RemovedModuleTransformer:

data.netbox_prefixes.prefixes - *terraform.NodeAbstractResource
  provider.netbox - *terraform.NodeApplyableProvider
provider.netbox - *terraform.NodeApplyableProvider
2018/08/16 11:17:48 [DEBUG] ReferenceTransformer: "data.netbox_prefixes.prefixes" references: []
2018/08/16 11:17:48 [DEBUG] ReferenceTransformer: "provider.netbox" references: []
2018/08/16 11:17:48 [TRACE] Graph after step *terraform.ReferenceTransformer:

data.netbox_prefixes.prefixes - *terraform.NodeAbstractResource
  provider.netbox - *terraform.NodeApplyableProvider
provider.netbox - *terraform.NodeApplyableProvider
2018/08/16 11:17:48 [TRACE] Graph after step *terraform.CountBoundaryTransformer:

data.netbox_prefixes.prefixes - *terraform.NodeAbstractResource
  provider.netbox - *terraform.NodeApplyableProvider
meta.count-boundary (count boundary fixup) - *terraform.NodeCountBoundary
  data.netbox_prefixes.prefixes - *terraform.NodeAbstractResource
  provider.netbox - *terraform.NodeApplyableProvider
provider.netbox - *terraform.NodeApplyableProvider
2018/08/16 11:17:48 [TRACE] Graph after step *terraform.TargetsTransformer:

data.netbox_prefixes.prefixes - *terraform.NodeAbstractResource
  provider.netbox - *terraform.NodeApplyableProvider
meta.count-boundary (count boundary fixup) - *terraform.NodeCountBoundary
  data.netbox_prefixes.prefixes - *terraform.NodeAbstractResource
  provider.netbox - *terraform.NodeApplyableProvider
provider.netbox - *terraform.NodeApplyableProvider
2018/08/16 11:17:48 [TRACE] Graph after step *terraform.CloseProviderTransformer:

data.netbox_prefixes.prefixes - *terraform.NodeAbstractResource
  provider.netbox - *terraform.NodeApplyableProvider
meta.count-boundary (count boundary fixup) - *terraform.NodeCountBoundary
  data.netbox_prefixes.prefixes - *terraform.NodeAbstractResource
  provider.netbox - *terraform.NodeApplyableProvider
provider.netbox - *terraform.NodeApplyableProvider
provider.netbox (close) - *terraform.graphNodeCloseProvider
  data.netbox_prefixes.prefixes - *terraform.NodeAbstractResource
  provider.netbox - *terraform.NodeApplyableProvider
2018/08/16 11:17:48 [TRACE] Graph after step *terraform.CloseProvisionerTransformer:

data.netbox_prefixes.prefixes - *terraform.NodeAbstractResource
  provider.netbox - *terraform.NodeApplyableProvider
meta.count-boundary (count boundary fixup) - *terraform.NodeCountBoundary
  data.netbox_prefixes.prefixes - *terraform.NodeAbstractResource
  provider.netbox - *terraform.NodeApplyableProvider
provider.netbox - *terraform.NodeApplyableProvider
provider.netbox (close) - *terraform.graphNodeCloseProvider
  data.netbox_prefixes.prefixes - *terraform.NodeAbstractResource
  provider.netbox - *terraform.NodeApplyableProvider
2018/08/16 11:17:48 [TRACE] Graph after step *terraform.RootTransformer:

data.netbox_prefixes.prefixes - *terraform.NodeAbstractResource
  provider.netbox - *terraform.NodeApplyableProvider
meta.count-boundary (count boundary fixup) - *terraform.NodeCountBoundary
  data.netbox_prefixes.prefixes - *terraform.NodeAbstractResource
  provider.netbox - *terraform.NodeApplyableProvider
provider.netbox - *terraform.NodeApplyableProvider
provider.netbox (close) - *terraform.graphNodeCloseProvider
  data.netbox_prefixes.prefixes - *terraform.NodeAbstractResource
  provider.netbox - *terraform.NodeApplyableProvider
root - terraform.graphNodeRoot
  meta.count-boundary (count boundary fixup) - *terraform.NodeCountBoundary
  provider.netbox (close) - *terraform.graphNodeCloseProvider
2018/08/16 11:17:48 [TRACE] Graph after step *terraform.TransitiveReductionTransformer:

data.netbox_prefixes.prefixes - *terraform.NodeAbstractResource
  provider.netbox - *terraform.NodeApplyableProvider
meta.count-boundary (count boundary fixup) - *terraform.NodeCountBoundary
  data.netbox_prefixes.prefixes - *terraform.NodeAbstractResource
provider.netbox - *terraform.NodeApplyableProvider
provider.netbox (close) - *terraform.graphNodeCloseProvider
  data.netbox_prefixes.prefixes - *terraform.NodeAbstractResource
root - terraform.graphNodeRoot
  meta.count-boundary (count boundary fixup) - *terraform.NodeCountBoundary
  provider.netbox (close) - *terraform.graphNodeCloseProvider
2018/08/16 11:17:48 [DEBUG] Starting graph walk: walkInput
2018/08/16 11:17:48 [TRACE] dag/walk: added new vertex: "provider.netbox"
2018/08/16 11:17:48 [TRACE] dag/walk: added new vertex: "meta.count-boundary (count boundary fixup)"
2018/08/16 11:17:48 [TRACE] dag/walk: added new vertex: "provider.netbox (close)"
2018/08/16 11:17:48 [TRACE] dag/walk: added new vertex: "root"
2018/08/16 11:17:48 [TRACE] dag/walk: added new vertex: "data.netbox_prefixes.prefixes"
2018/08/16 11:17:48 [TRACE] dag/walk: added edge: "root" waiting on "provider.netbox (close)"
2018/08/16 11:17:48 [TRACE] dag/walk: added edge: "data.netbox_prefixes.prefixes" waiting on "provider.netbox"
2018/08/16 11:17:48 [TRACE] dag/walk: added edge: "meta.count-boundary (count boundary fixup)" waiting on "data.netbox_prefixes.prefixes"
2018/08/16 11:17:48 [TRACE] dag/walk: added edge: "provider.netbox (close)" waiting on "data.netbox_prefixes.prefixes"
2018/08/16 11:17:48 [TRACE] dag/walk: added edge: "root" waiting on "meta.count-boundary (count boundary fixup)"
2018/08/16 11:17:48 [TRACE] dag/walk: dependencies changed for "meta.count-boundary (count boundary fixup)", sending new deps
2018/08/16 11:17:48 [TRACE] dag/walk: dependencies changed for "provider.netbox (close)", sending new deps
2018/08/16 11:17:48 [TRACE] dag/walk: dependencies changed for "root", sending new deps
2018/08/16 11:17:48 [TRACE] dag/walk: dependencies changed for "data.netbox_prefixes.prefixes", sending new deps
2018/08/16 11:17:48 [TRACE] dag/walk: walking "provider.netbox"
2018/08/16 11:17:48 [TRACE] vertex 'root.provider.netbox': walking
2018/08/16 11:17:48 [TRACE] vertex 'root.provider.netbox': evaluating
2018/08/16 11:17:48 [TRACE] [walkInput] Entering eval tree: provider.netbox
2018/08/16 11:17:48 [TRACE] root: eval: *terraform.EvalSequence
2018/08/16 11:17:48 [TRACE] root: eval: *terraform.EvalInitProvider
2018-08-16T11:17:48.675-0300 [DEBUG] plugin: starting plugin: path=/home/jpbb/go/bin/terraform-provider-netbox args=[/home/jpbb/go/bin/terraform-provider-netbox]
2018-08-16T11:17:48.675-0300 [DEBUG] plugin: waiting for RPC address: path=/home/jpbb/go/bin/terraform-provider-netbox
2018-08-16T11:17:48.695-0300 [DEBUG] plugin.terraform-provider-netbox: plugin address: timestamp=2018-08-16T11:17:48.695-0300 network=unix address=/tmp/plugin086264799
2018-08-16T11:17:48.696-0300 [DEBUG] plugin.terraform-provider-netbox: 2018/08/16 11:17:48 [DEBUG] JP dataSourcePrefixesSchema()
2018/08/16 11:17:48 [TRACE] root: eval: *terraform.EvalOpFilter
2018/08/16 11:17:48 [TRACE] root: eval: *terraform.EvalSequence
2018/08/16 11:17:48 [TRACE] root: eval: *terraform.EvalGetProvider
2018/08/16 11:17:48 [TRACE] root: eval: *terraform.EvalInterpolateProvider
2018/08/16 11:17:48 [TRACE] root: eval: *terraform.EvalBuildProviderConfig
2018/08/16 11:17:48 [TRACE] root: eval: *terraform.EvalInputProvider
2018/08/16 11:17:48 [TRACE] root: eval: terraform.EvalNoop
2018/08/16 11:17:48 [TRACE] root: eval: terraform.EvalNoop
2018/08/16 11:17:48 [TRACE] root: eval: terraform.EvalNoop
2018/08/16 11:17:48 [TRACE] [walkInput] Exiting eval tree: provider.netbox
2018/08/16 11:17:48 [TRACE] dag/walk: walking "data.netbox_prefixes.prefixes"
2018/08/16 11:17:48 [TRACE] vertex 'root.data.netbox_prefixes.prefixes': walking
2018/08/16 11:17:48 [TRACE] dag/walk: walking "meta.count-boundary (count boundary fixup)"
2018/08/16 11:17:48 [TRACE] vertex 'root.meta.count-boundary (count boundary fixup)': walking
2018/08/16 11:17:48 [TRACE] vertex 'root.meta.count-boundary (count boundary fixup)': evaluating
2018/08/16 11:17:48 [TRACE] [walkInput] Entering eval tree: meta.count-boundary (count boundary fixup)
2018/08/16 11:17:48 [TRACE] root: eval: *terraform.EvalCountFixZeroOneBoundaryGlobal
2018/08/16 11:17:48 [TRACE] [walkInput] Exiting eval tree: meta.count-boundary (count boundary fixup)
2018/08/16 11:17:48 [TRACE] dag/walk: walking "provider.netbox (close)"
2018/08/16 11:17:48 [TRACE] vertex 'root.provider.netbox (close)': walking
2018/08/16 11:17:48 [TRACE] vertex 'root.provider.netbox (close)': evaluating
2018/08/16 11:17:48 [TRACE] [walkInput] Entering eval tree: provider.netbox (close)
2018/08/16 11:17:48 [TRACE] root: eval: *terraform.EvalCloseProvider
2018/08/16 11:17:48 [TRACE] [walkInput] Exiting eval tree: provider.netbox (close)
2018/08/16 11:17:48 [TRACE] dag/walk: walking "root"
2018/08/16 11:17:48 [TRACE] vertex 'root.root': walking
2018/08/16 11:17:48 [INFO] terraform: building graph: GraphTypeValidate
2018/08/16 11:17:48 [TRACE] ConfigTransformer: Starting for path: []
2018/08/16 11:17:48 [TRACE] Graph after step *terraform.ConfigTransformer:

data.netbox_prefixes.prefixes - *terraform.NodeValidatableResource
2018/08/16 11:17:48 [TRACE] Graph after step *terraform.LocalTransformer:

data.netbox_prefixes.prefixes - *terraform.NodeValidatableResource
2018/08/16 11:17:48 [TRACE] Graph after step *terraform.OutputTransformer:

data.netbox_prefixes.prefixes - *terraform.NodeValidatableResource
2018/08/16 11:17:48 [TRACE] Graph after step *terraform.OrphanResourceTransformer:

data.netbox_prefixes.prefixes - *terraform.NodeValidatableResource
2018/08/16 11:17:48 [TRACE] Graph after step *terraform.OrphanOutputTransformer:

data.netbox_prefixes.prefixes - *terraform.NodeValidatableResource
2018/08/16 11:17:48 [TRACE] AttachResourceConfigTransformer: Beginning...
2018/08/16 11:17:48 [TRACE] AttachResourceConfigTransformer: Attach resource config request: data.netbox_prefixes.prefixes
2018/08/16 11:17:48 [TRACE] Attaching resource config: &config.Resource{Mode:1, Name:"prefixes", Type:"netbox_prefixes", RawCount:(*config.RawConfig)(0xc4202b3b20), RawConfig:(*config.RawConfig)(0xc4202b3ab0), Provisioners:[]*config.Provisioner{}, Provider:"", DependsOn:[]string(nil), Lifecycle:config.ResourceLifecycle{CreateBeforeDestroy:false, PreventDestroy:false, IgnoreChanges:[]string(nil)}}
2018/08/16 11:17:48 [TRACE] Graph after step *terraform.AttachResourceConfigTransformer:

data.netbox_prefixes.prefixes - *terraform.NodeValidatableResource
2018/08/16 11:17:48 [DEBUG] Resource state not found for "data.netbox_prefixes.prefixes": data.netbox_prefixes.prefixes
2018/08/16 11:17:48 [TRACE] Graph after step *terraform.AttachStateTransformer:

data.netbox_prefixes.prefixes - *terraform.NodeValidatableResource
2018/08/16 11:17:48 [TRACE] Graph after step *terraform.RootVariableTransformer:

data.netbox_prefixes.prefixes - *terraform.NodeValidatableResource
2018/08/16 11:17:48 [TRACE] ProviderConfigTransformer: Starting for path: []
2018/08/16 11:17:48 [TRACE] Attach provider request: []string{} netbox
2018/08/16 11:17:48 [TRACE] Attaching provider config: *config.ProviderConfig{Name:"netbox", Alias:"", Version:"", RawConfig:(*config.RawConfig)(0xc4202b3a40)}
2018/08/16 11:17:48 [TRACE] Graph after step *terraform.ProviderConfigTransformer:

data.netbox_prefixes.prefixes - *terraform.NodeValidatableResource
provider.netbox - *terraform.NodeApplyableProvider
2018/08/16 11:17:48 [TRACE] Graph after step *terraform.MissingProviderTransformer:

data.netbox_prefixes.prefixes - *terraform.NodeValidatableResource
provider.netbox - *terraform.NodeApplyableProvider
2018/08/16 11:17:48 [DEBUG] resource data.netbox_prefixes.prefixes using provider provider.netbox
2018/08/16 11:17:48 [TRACE] Graph after step *terraform.ProviderTransformer:

data.netbox_prefixes.prefixes - *terraform.NodeValidatableResource
  provider.netbox - *terraform.NodeApplyableProvider
provider.netbox - *terraform.NodeApplyableProvider
2018/08/16 11:17:48 [TRACE] Graph after step *terraform.PruneProviderTransformer:

data.netbox_prefixes.prefixes - *terraform.NodeValidatableResource
  provider.netbox - *terraform.NodeApplyableProvider
provider.netbox - *terraform.NodeApplyableProvider
2018/08/16 11:17:48 [TRACE] Graph after step *terraform.ParentProviderTransformer:

data.netbox_prefixes.prefixes - *terraform.NodeValidatableResource
  provider.netbox - *terraform.NodeApplyableProvider
provider.netbox - *terraform.NodeApplyableProvider
2018/08/16 11:17:48 [TRACE] Graph after step *terraform.graphTransformerMulti:

data.netbox_prefixes.prefixes - *terraform.NodeValidatableResource
  provider.netbox - *terraform.NodeApplyableProvider
provider.netbox - *terraform.NodeApplyableProvider
2018/08/16 11:17:48 [TRACE] Graph after step *terraform.MissingProvisionerTransformer:

data.netbox_prefixes.prefixes - *terraform.NodeValidatableResource
  provider.netbox - *terraform.NodeApplyableProvider
provider.netbox - *terraform.NodeApplyableProvider
2018/08/16 11:17:48 [TRACE] Graph after step *terraform.ProvisionerTransformer:

data.netbox_prefixes.prefixes - *terraform.NodeValidatableResource
  provider.netbox - *terraform.NodeApplyableProvider
provider.netbox - *terraform.NodeApplyableProvider
2018/08/16 11:17:48 [TRACE] Graph after step *terraform.graphTransformerMulti:

data.netbox_prefixes.prefixes - *terraform.NodeValidatableResource
  provider.netbox - *terraform.NodeApplyableProvider
provider.netbox - *terraform.NodeApplyableProvider
2018/08/16 11:17:48 [TRACE] Graph after step *terraform.ModuleVariableTransformer:

data.netbox_prefixes.prefixes - *terraform.NodeValidatableResource
  provider.netbox - *terraform.NodeApplyableProvider
provider.netbox - *terraform.NodeApplyableProvider
2018/08/16 11:17:48 [TRACE] Graph after step *terraform.RemovedModuleTransformer:

data.netbox_prefixes.prefixes - *terraform.NodeValidatableResource
  provider.netbox - *terraform.NodeApplyableProvider
provider.netbox - *terraform.NodeApplyableProvider
2018/08/16 11:17:48 [DEBUG] ReferenceTransformer: "data.netbox_prefixes.prefixes" references: []
2018/08/16 11:17:48 [DEBUG] ReferenceTransformer: "provider.netbox" references: []
2018/08/16 11:17:48 [TRACE] Graph after step *terraform.ReferenceTransformer:

data.netbox_prefixes.prefixes - *terraform.NodeValidatableResource
  provider.netbox - *terraform.NodeApplyableProvider
provider.netbox - *terraform.NodeApplyableProvider
2018/08/16 11:17:48 [TRACE] Graph after step *terraform.CountBoundaryTransformer:

data.netbox_prefixes.prefixes - *terraform.NodeValidatableResource
  provider.netbox - *terraform.NodeApplyableProvider
meta.count-boundary (count boundary fixup) - *terraform.NodeCountBoundary
  data.netbox_prefixes.prefixes - *terraform.NodeValidatableResource
  provider.netbox - *terraform.NodeApplyableProvider
provider.netbox - *terraform.NodeApplyableProvider
2018/08/16 11:17:48 [TRACE] Graph after step *terraform.TargetsTransformer:

data.netbox_prefixes.prefixes - *terraform.NodeValidatableResource
  provider.netbox - *terraform.NodeApplyableProvider
meta.count-boundary (count boundary fixup) - *terraform.NodeCountBoundary
  data.netbox_prefixes.prefixes - *terraform.NodeValidatableResource
  provider.netbox - *terraform.NodeApplyableProvider
provider.netbox - *terraform.NodeApplyableProvider
2018/08/16 11:17:48 [TRACE] Graph after step *terraform.CloseProviderTransformer:

data.netbox_prefixes.prefixes - *terraform.NodeValidatableResource
  provider.netbox - *terraform.NodeApplyableProvider
meta.count-boundary (count boundary fixup) - *terraform.NodeCountBoundary
  data.netbox_prefixes.prefixes - *terraform.NodeValidatableResource
  provider.netbox - *terraform.NodeApplyableProvider
provider.netbox - *terraform.NodeApplyableProvider
provider.netbox (close) - *terraform.graphNodeCloseProvider
  data.netbox_prefixes.prefixes - *terraform.NodeValidatableResource
  provider.netbox - *terraform.NodeApplyableProvider
2018/08/16 11:17:48 [TRACE] Graph after step *terraform.CloseProvisionerTransformer:

data.netbox_prefixes.prefixes - *terraform.NodeValidatableResource
  provider.netbox - *terraform.NodeApplyableProvider
meta.count-boundary (count boundary fixup) - *terraform.NodeCountBoundary
  data.netbox_prefixes.prefixes - *terraform.NodeValidatableResource
  provider.netbox - *terraform.NodeApplyableProvider
provider.netbox - *terraform.NodeApplyableProvider
provider.netbox (close) - *terraform.graphNodeCloseProvider
  data.netbox_prefixes.prefixes - *terraform.NodeValidatableResource
  provider.netbox - *terraform.NodeApplyableProvider
2018/08/16 11:17:48 [TRACE] Graph after step *terraform.RootTransformer:

data.netbox_prefixes.prefixes - *terraform.NodeValidatableResource
  provider.netbox - *terraform.NodeApplyableProvider
meta.count-boundary (count boundary fixup) - *terraform.NodeCountBoundary
  data.netbox_prefixes.prefixes - *terraform.NodeValidatableResource
  provider.netbox - *terraform.NodeApplyableProvider
provider.netbox - *terraform.NodeApplyableProvider
provider.netbox (close) - *terraform.graphNodeCloseProvider
  data.netbox_prefixes.prefixes - *terraform.NodeValidatableResource
  provider.netbox - *terraform.NodeApplyableProvider
root - terraform.graphNodeRoot
  meta.count-boundary (count boundary fixup) - *terraform.NodeCountBoundary
  provider.netbox (close) - *terraform.graphNodeCloseProvider
2018/08/16 11:17:48 [TRACE] Graph after step *terraform.TransitiveReductionTransformer:

data.netbox_prefixes.prefixes - *terraform.NodeValidatableResource
  provider.netbox - *terraform.NodeApplyableProvider
meta.count-boundary (count boundary fixup) - *terraform.NodeCountBoundary
  data.netbox_prefixes.prefixes - *terraform.NodeValidatableResource
provider.netbox - *terraform.NodeApplyableProvider
provider.netbox (close) - *terraform.graphNodeCloseProvider
  data.netbox_prefixes.prefixes - *terraform.NodeValidatableResource
root - terraform.graphNodeRoot
  meta.count-boundary (count boundary fixup) - *terraform.NodeCountBoundary
  provider.netbox (close) - *terraform.graphNodeCloseProvider
2018/08/16 11:17:48 [DEBUG] Starting graph walk: walkValidate
2018/08/16 11:17:48 [TRACE] dag/walk: added new vertex: "meta.count-boundary (count boundary fixup)"
2018/08/16 11:17:48 [TRACE] dag/walk: added new vertex: "provider.netbox (close)"
2018/08/16 11:17:48 [TRACE] dag/walk: added new vertex: "root"
2018/08/16 11:17:48 [TRACE] dag/walk: added new vertex: "data.netbox_prefixes.prefixes"
2018/08/16 11:17:48 [TRACE] dag/walk: added new vertex: "provider.netbox"
2018/08/16 11:17:48 [TRACE] dag/walk: added edge: "root" waiting on "provider.netbox (close)"
2018/08/16 11:17:48 [TRACE] dag/walk: added edge: "data.netbox_prefixes.prefixes" waiting on "provider.netbox"
2018/08/16 11:17:48 [TRACE] dag/walk: added edge: "meta.count-boundary (count boundary fixup)" waiting on "data.netbox_prefixes.prefixes"
2018/08/16 11:17:48 [TRACE] dag/walk: added edge: "provider.netbox (close)" waiting on "data.netbox_prefixes.prefixes"
2018/08/16 11:17:48 [TRACE] dag/walk: added edge: "root" waiting on "meta.count-boundary (count boundary fixup)"
2018/08/16 11:17:48 [TRACE] dag/walk: dependencies changed for "provider.netbox (close)", sending new deps
2018/08/16 11:17:48 [TRACE] dag/walk: dependencies changed for "root", sending new deps
2018/08/16 11:17:48 [TRACE] dag/walk: dependencies changed for "data.netbox_prefixes.prefixes", sending new deps
2018/08/16 11:17:48 [TRACE] dag/walk: dependencies changed for "meta.count-boundary (count boundary fixup)", sending new deps
2018/08/16 11:17:48 [TRACE] dag/walk: walking "provider.netbox"
2018/08/16 11:17:48 [TRACE] vertex 'root.provider.netbox': walking
2018/08/16 11:17:48 [TRACE] vertex 'root.provider.netbox': evaluating
2018/08/16 11:17:48 [TRACE] [walkValidate] Entering eval tree: provider.netbox
2018/08/16 11:17:48 [TRACE] root: eval: *terraform.EvalSequence
2018/08/16 11:17:48 [TRACE] root: eval: *terraform.EvalInitProvider
2018-08-16T11:17:48.698-0300 [DEBUG] plugin.terraform-provider-netbox: 2018/08/16 11:17:48 [DEBUG] JP dataSourcePrefixesSchema()
2018/08/16 11:17:48 [TRACE] root: eval: terraform.EvalNoop
2018/08/16 11:17:48 [TRACE] root: eval: *terraform.EvalOpFilter
2018/08/16 11:17:48 [TRACE] root: eval: *terraform.EvalSequence
2018/08/16 11:17:48 [TRACE] root: eval: *terraform.EvalGetProvider
2018/08/16 11:17:48 [TRACE] root: eval: *terraform.EvalInterpolateProvider
2018/08/16 11:17:48 [TRACE] root: eval: *terraform.EvalBuildProviderConfig
2018/08/16 11:17:48 [TRACE] root: eval: *terraform.EvalValidateProvider
2018/08/16 11:17:48 [TRACE] root: eval: terraform.EvalNoop
2018/08/16 11:17:48 [TRACE] root: eval: terraform.EvalNoop
2018/08/16 11:17:48 [TRACE] [walkValidate] Exiting eval tree: provider.netbox
2018/08/16 11:17:48 [TRACE] dag/walk: walking "data.netbox_prefixes.prefixes"
2018/08/16 11:17:48 [TRACE] vertex 'root.data.netbox_prefixes.prefixes': walking
2018/08/16 11:17:48 [TRACE] vertex 'root.data.netbox_prefixes.prefixes': evaluating
2018/08/16 11:17:48 [TRACE] [walkValidate] Entering eval tree: data.netbox_prefixes.prefixes
2018/08/16 11:17:48 [TRACE] root: eval: *terraform.EvalSequence
2018/08/16 11:17:48 [TRACE] root: eval: *terraform.EvalInterpolate
2018/08/16 11:17:48 [TRACE] root: eval: *terraform.EvalIf
2018/08/16 11:17:48 [TRACE] root: eval: *terraform.EvalValidateCount
2018/08/16 11:17:48 [TRACE] root: eval: *terraform.EvalCountFixZeroOneBoundary
2018/08/16 11:17:48 [TRACE] [walkValidate] Exiting eval tree: data.netbox_prefixes.prefixes
2018/08/16 11:17:48 [TRACE] vertex 'root.data.netbox_prefixes.prefixes': expanding/walking dynamic subgraph
2018/08/16 11:17:48 [TRACE] Graph after step *terraform.ResourceCountTransformer:

data.netbox_prefixes.prefixes - *terraform.NodeValidatableResourceInstance
2018/08/16 11:17:48 [DEBUG] Resource state not found for "data.netbox_prefixes.prefixes": data.netbox_prefixes.prefixes
2018/08/16 11:17:48 [TRACE] Graph after step *terraform.AttachStateTransformer:

data.netbox_prefixes.prefixes - *terraform.NodeValidatableResourceInstance
2018/08/16 11:17:48 [TRACE] Graph after step *terraform.TargetsTransformer:

data.netbox_prefixes.prefixes - *terraform.NodeValidatableResourceInstance
2018/08/16 11:17:48 [DEBUG] ReferenceTransformer: "data.netbox_prefixes.prefixes" references: []
2018/08/16 11:17:48 [TRACE] Graph after step *terraform.ReferenceTransformer:

data.netbox_prefixes.prefixes - *terraform.NodeValidatableResourceInstance
2018/08/16 11:17:48 [TRACE] Graph after step *terraform.RootTransformer:

data.netbox_prefixes.prefixes - *terraform.NodeValidatableResourceInstance
2018/08/16 11:17:48 [TRACE] dag/walk: added new vertex: "data.netbox_prefixes.prefixes"
2018/08/16 11:17:48 [TRACE] dag/walk: walking "data.netbox_prefixes.prefixes"
2018/08/16 11:17:48 [TRACE] vertex 'root.data.netbox_prefixes.prefixes': walking
2018/08/16 11:17:48 [TRACE] vertex 'root.data.netbox_prefixes.prefixes': evaluating
2018/08/16 11:17:48 [TRACE] [walkValidate] Entering eval tree: data.netbox_prefixes.prefixes
2018/08/16 11:17:48 [TRACE] root: eval: *terraform.EvalSequence
2018/08/16 11:17:48 [TRACE] root: eval: *terraform.EvalValidateResourceSelfRef
2018/08/16 11:17:48 [TRACE] root: eval: *terraform.EvalGetProvider
2018/08/16 11:17:48 [TRACE] root: eval: *terraform.EvalInterpolate
2018/08/16 11:17:48 [TRACE] root: eval: *terraform.EvalValidateResource
2018/08/16 11:17:48 [TRACE] [walkValidate] Exiting eval tree: data.netbox_prefixes.prefixes
2018/08/16 11:17:48 [TRACE] dag/walk: walking "provider.netbox (close)"
2018/08/16 11:17:48 [TRACE] vertex 'root.provider.netbox (close)': walking
2018/08/16 11:17:48 [TRACE] dag/walk: walking "meta.count-boundary (count boundary fixup)"
2018/08/16 11:17:48 [TRACE] vertex 'root.meta.count-boundary (count boundary fixup)': walking
2018/08/16 11:17:48 [TRACE] vertex 'root.provider.netbox (close)': evaluating
2018/08/16 11:17:48 [TRACE] vertex 'root.meta.count-boundary (count boundary fixup)': evaluating
2018/08/16 11:17:48 [TRACE] [walkValidate] Entering eval tree: meta.count-boundary (count boundary fixup)
2018/08/16 11:17:48 [TRACE] root: eval: *terraform.EvalCountFixZeroOneBoundaryGlobal
2018/08/16 11:17:48 [TRACE] [walkValidate] Exiting eval tree: meta.count-boundary (count boundary fixup)
2018/08/16 11:17:48 [TRACE] [walkValidate] Entering eval tree: provider.netbox (close)
2018/08/16 11:17:48 [TRACE] root: eval: *terraform.EvalCloseProvider
2018/08/16 11:17:48 [TRACE] [walkValidate] Exiting eval tree: provider.netbox (close)
2018/08/16 11:17:48 [TRACE] dag/walk: walking "root"
2018/08/16 11:17:48 [TRACE] vertex 'root.root': walking
2018/08/16 11:17:48 [INFO] backend/local: apply calling Refresh
2018/08/16 11:17:48 [INFO] terraform: building graph: GraphTypeRefresh
2018/08/16 11:17:48 [TRACE] No managed resources in state during refresh, skipping managed resource transformer
2018/08/16 11:17:48 [TRACE] ConfigTransformer: Starting for path: []
2018/08/16 11:17:48 [TRACE] Graph after step *terraform.ConfigTransformer:

data.netbox_prefixes.prefixes - *terraform.NodeRefreshableDataResource
2018/08/16 11:17:48 [TRACE] Graph after step *terraform.OrphanResourceTransformer:

data.netbox_prefixes.prefixes - *terraform.NodeRefreshableDataResource
2018/08/16 11:17:48 [DEBUG] Resource state not found for "data.netbox_prefixes.prefixes": data.netbox_prefixes.prefixes
2018/08/16 11:17:48 [TRACE] Graph after step *terraform.AttachStateTransformer:

data.netbox_prefixes.prefixes - *terraform.NodeRefreshableDataResource
2018/08/16 11:17:48 [TRACE] AttachResourceConfigTransformer: Beginning...
2018/08/16 11:17:48 [TRACE] AttachResourceConfigTransformer: Attach resource config request: data.netbox_prefixes.prefixes
2018/08/16 11:17:48 [TRACE] Attaching resource config: &config.Resource{Mode:1, Name:"prefixes", Type:"netbox_prefixes", RawCount:(*config.RawConfig)(0xc4202b3b20), RawConfig:(*config.RawConfig)(0xc4202b3ab0), Provisioners:[]*config.Provisioner{}, Provider:"", DependsOn:[]string(nil), Lifecycle:config.ResourceLifecycle{CreateBeforeDestroy:false, PreventDestroy:false, IgnoreChanges:[]string(nil)}}
2018/08/16 11:17:48 [TRACE] Graph after step *terraform.AttachResourceConfigTransformer:

data.netbox_prefixes.prefixes - *terraform.NodeRefreshableDataResource
2018/08/16 11:17:48 [TRACE] Graph after step *terraform.RootVariableTransformer:

data.netbox_prefixes.prefixes - *terraform.NodeRefreshableDataResource
2018/08/16 11:17:48 [TRACE] ProviderConfigTransformer: Starting for path: []
2018/08/16 11:17:48 [TRACE] Attach provider request: []string{} netbox
2018/08/16 11:17:48 [TRACE] Attaching provider config: *config.ProviderConfig{Name:"netbox", Alias:"", Version:"", RawConfig:(*config.RawConfig)(0xc4202b3a40)}
2018/08/16 11:17:48 [TRACE] Graph after step *terraform.ProviderConfigTransformer:

data.netbox_prefixes.prefixes - *terraform.NodeRefreshableDataResource
provider.netbox - *terraform.NodeApplyableProvider
2018/08/16 11:17:48 [TRACE] Graph after step *terraform.MissingProviderTransformer:

data.netbox_prefixes.prefixes - *terraform.NodeRefreshableDataResource
provider.netbox - *terraform.NodeApplyableProvider
2018/08/16 11:17:48 [DEBUG] resource data.netbox_prefixes.prefixes using provider provider.netbox
2018/08/16 11:17:48 [TRACE] Graph after step *terraform.ProviderTransformer:

data.netbox_prefixes.prefixes - *terraform.NodeRefreshableDataResource
  provider.netbox - *terraform.NodeApplyableProvider
provider.netbox - *terraform.NodeApplyableProvider
2018/08/16 11:17:48 [TRACE] Graph after step *terraform.PruneProviderTransformer:

data.netbox_prefixes.prefixes - *terraform.NodeRefreshableDataResource
  provider.netbox - *terraform.NodeApplyableProvider
provider.netbox - *terraform.NodeApplyableProvider
2018/08/16 11:17:48 [TRACE] Graph after step *terraform.ParentProviderTransformer:

data.netbox_prefixes.prefixes - *terraform.NodeRefreshableDataResource
  provider.netbox - *terraform.NodeApplyableProvider
provider.netbox - *terraform.NodeApplyableProvider
2018/08/16 11:17:48 [TRACE] Graph after step *terraform.graphTransformerMulti:

data.netbox_prefixes.prefixes - *terraform.NodeRefreshableDataResource
  provider.netbox - *terraform.NodeApplyableProvider
provider.netbox - *terraform.NodeApplyableProvider
2018/08/16 11:17:48 [TRACE] Graph after step *terraform.LocalTransformer:

data.netbox_prefixes.prefixes - *terraform.NodeRefreshableDataResource
  provider.netbox - *terraform.NodeApplyableProvider
provider.netbox - *terraform.NodeApplyableProvider
2018/08/16 11:17:48 [TRACE] Graph after step *terraform.OutputTransformer:

data.netbox_prefixes.prefixes - *terraform.NodeRefreshableDataResource
  provider.netbox - *terraform.NodeApplyableProvider
provider.netbox - *terraform.NodeApplyableProvider
2018/08/16 11:17:48 [TRACE] Graph after step *terraform.ModuleVariableTransformer:

data.netbox_prefixes.prefixes - *terraform.NodeRefreshableDataResource
  provider.netbox - *terraform.NodeApplyableProvider
provider.netbox - *terraform.NodeApplyableProvider
2018/08/16 11:17:48 [DEBUG] ReferenceTransformer: "data.netbox_prefixes.prefixes" references: []
2018/08/16 11:17:48 [DEBUG] ReferenceTransformer: "provider.netbox" references: []
2018/08/16 11:17:48 [TRACE] Graph after step *terraform.ReferenceTransformer:

data.netbox_prefixes.prefixes - *terraform.NodeRefreshableDataResource
  provider.netbox - *terraform.NodeApplyableProvider
provider.netbox - *terraform.NodeApplyableProvider
2018/08/16 11:17:48 [TRACE] Graph after step *terraform.TargetsTransformer:

data.netbox_prefixes.prefixes - *terraform.NodeRefreshableDataResource
  provider.netbox - *terraform.NodeApplyableProvider
provider.netbox - *terraform.NodeApplyableProvider
2018/08/16 11:17:48 [TRACE] Graph after step *terraform.CloseProviderTransformer:

data.netbox_prefixes.prefixes - *terraform.NodeRefreshableDataResource
  provider.netbox - *terraform.NodeApplyableProvider
provider.netbox - *terraform.NodeApplyableProvider
provider.netbox (close) - *terraform.graphNodeCloseProvider
  data.netbox_prefixes.prefixes - *terraform.NodeRefreshableDataResource
  provider.netbox - *terraform.NodeApplyableProvider
2018/08/16 11:17:48 [TRACE] Graph after step *terraform.RootTransformer:

data.netbox_prefixes.prefixes - *terraform.NodeRefreshableDataResource
  provider.netbox - *terraform.NodeApplyableProvider
provider.netbox - *terraform.NodeApplyableProvider
provider.netbox (close) - *terraform.graphNodeCloseProvider
  data.netbox_prefixes.prefixes - *terraform.NodeRefreshableDataResource
  provider.netbox - *terraform.NodeApplyableProvider
2018/08/16 11:17:48 [TRACE] Graph after step *terraform.TransitiveReductionTransformer:

data.netbox_prefixes.prefixes - *terraform.NodeRefreshableDataResource
  provider.netbox - *terraform.NodeApplyableProvider
provider.netbox - *terraform.NodeApplyableProvider
provider.netbox (close) - *terraform.graphNodeCloseProvider
  data.netbox_prefixes.prefixes - *terraform.NodeRefreshableDataResource
2018/08/16 11:17:48 [DEBUG] Starting graph walk: walkRefresh
2018/08/16 11:17:48 [TRACE] dag/walk: added new vertex: "data.netbox_prefixes.prefixes"
2018/08/16 11:17:48 [TRACE] dag/walk: added new vertex: "provider.netbox"
2018/08/16 11:17:48 [TRACE] dag/walk: added new vertex: "provider.netbox (close)"
2018/08/16 11:17:48 [TRACE] dag/walk: added edge: "data.netbox_prefixes.prefixes" waiting on "provider.netbox"
2018/08/16 11:17:48 [TRACE] dag/walk: added edge: "provider.netbox (close)" waiting on "data.netbox_prefixes.prefixes"
2018/08/16 11:17:48 [TRACE] dag/walk: dependencies changed for "data.netbox_prefixes.prefixes", sending new deps
2018/08/16 11:17:48 [TRACE] dag/walk: dependencies changed for "provider.netbox (close)", sending new deps
2018/08/16 11:17:48 [TRACE] dag/walk: walking "provider.netbox"
2018/08/16 11:17:48 [TRACE] vertex 'root.provider.netbox': walking
2018/08/16 11:17:48 [TRACE] vertex 'root.provider.netbox': evaluating
2018/08/16 11:17:48 [TRACE] [walkRefresh] Entering eval tree: provider.netbox
2018/08/16 11:17:48 [TRACE] root: eval: *terraform.EvalSequence
2018/08/16 11:17:48 [TRACE] root: eval: *terraform.EvalInitProvider
2018-08-16T11:17:48.700-0300 [DEBUG] plugin.terraform-provider-netbox: 2018/08/16 11:17:48 [DEBUG] JP dataSourcePrefixesSchema()
2018/08/16 11:17:48 [TRACE] root: eval: terraform.EvalNoop
2018/08/16 11:17:48 [TRACE] root: eval: terraform.EvalNoop
2018/08/16 11:17:48 [TRACE] root: eval: *terraform.EvalOpFilter
2018/08/16 11:17:48 [TRACE] root: eval: *terraform.EvalSequence
2018/08/16 11:17:48 [TRACE] root: eval: *terraform.EvalGetProvider
2018/08/16 11:17:48 [TRACE] root: eval: *terraform.EvalInterpolateProvider
2018/08/16 11:17:48 [TRACE] root: eval: *terraform.EvalBuildProviderConfig
2018/08/16 11:17:48 [TRACE] root: eval: *terraform.EvalOpFilter
2018/08/16 11:17:48 [TRACE] root: eval: *terraform.EvalSequence
2018/08/16 11:17:48 [TRACE] root: eval: *terraform.EvalConfigProvider
2018-08-16T11:17:48.701-0300 [DEBUG] plugin.terraform-provider-netbox: 2018/08/16 11:17:48 [DEBUG] provider.providerConfigure JP provider.providerConfigure APP_ID 2fe35cabcfe231ebc8734a798f1cac63439a7a2b
2018-08-16T11:17:48.701-0300 [DEBUG] plugin.terraform-provider-netbox: 2018/08/16 11:17:48 [DEBUG] provider.providerConfigure JP provider.providerConfigure ENDPOINT 172.17.133.10
2018-08-16T11:17:48.701-0300 [DEBUG] plugin.terraform-provider-netbox: 2018/08/16 11:17:48 [DEBUG] config.go Client() AppID: 2fe35cabcfe231ebc8734a798f1cac63439a7a2b
2018-08-16T11:17:48.701-0300 [DEBUG] plugin.terraform-provider-netbox: 2018/08/16 11:17:48 [DEBUG] config.go Client() Endpoint: 172.17.133.10
2018-08-16T11:17:48.701-0300 [DEBUG] plugin.terraform-provider-netbox: 2018/08/16 11:17:48 [DEBUG] Initializing Netbox controllers
2018-08-16T11:17:48.701-0300 [DEBUG] plugin.terraform-provider-netbox: 2018/08/16 11:17:48 [DEBUG] config.go ValidateConnection() Erro
2018-08-16T11:17:48.770-0300 [DEBUG] plugin.terraform-provider-netbox: 2018/08/16 11:17:48 [GET /dcim/racks/][200] dcimRacksListOK  &{Count:0xc420420390 Next:<nil> Previous:<nil> Results:[0xc4204efa00]}
2018/08/16 11:17:48 [TRACE] [walkRefresh] Exiting eval tree: provider.netbox
2018/08/16 11:17:48 [TRACE] dag/walk: walking "data.netbox_prefixes.prefixes"
2018/08/16 11:17:48 [TRACE] vertex 'root.data.netbox_prefixes.prefixes': walking
2018/08/16 11:17:48 [TRACE] vertex 'root.data.netbox_prefixes.prefixes': evaluating
2018/08/16 11:17:48 [TRACE] [walkRefresh] Entering eval tree: data.netbox_prefixes.prefixes
2018/08/16 11:17:48 [TRACE] root: eval: *terraform.EvalSequence
2018/08/16 11:17:48 [TRACE] root: eval: *terraform.EvalInterpolate
2018/08/16 11:17:48 [TRACE] root: eval: *terraform.EvalCountCheckComputed
2018/08/16 11:17:48 [TRACE] root: eval: *terraform.EvalIf
2018/08/16 11:17:48 [TRACE] root: eval: *terraform.EvalCountFixZeroOneBoundary
2018/08/16 11:17:48 [TRACE] [walkRefresh] Exiting eval tree: data.netbox_prefixes.prefixes
2018/08/16 11:17:48 [TRACE] vertex 'root.data.netbox_prefixes.prefixes': expanding/walking dynamic subgraph
2018/08/16 11:17:48 [TRACE] Graph after step *terraform.ResourceCountTransformer:

data.netbox_prefixes.prefixes - *terraform.NodeRefreshableDataResourceInstance
2018/08/16 11:17:48 [TRACE] OrphanResourceCount: Starting...
2018/08/16 11:17:48 [TRACE] Graph after step *terraform.OrphanResourceCountTransformer:

data.netbox_prefixes.prefixes - *terraform.NodeRefreshableDataResourceInstance
2018/08/16 11:17:48 [DEBUG] Resource state not found for "data.netbox_prefixes.prefixes": data.netbox_prefixes.prefixes
2018/08/16 11:17:48 [TRACE] Graph after step *terraform.AttachStateTransformer:

data.netbox_prefixes.prefixes - *terraform.NodeRefreshableDataResourceInstance
2018/08/16 11:17:48 [TRACE] Graph after step *terraform.TargetsTransformer:

data.netbox_prefixes.prefixes - *terraform.NodeRefreshableDataResourceInstance
2018/08/16 11:17:48 [DEBUG] ReferenceTransformer: "data.netbox_prefixes.prefixes" references: []
2018/08/16 11:17:48 [TRACE] Graph after step *terraform.ReferenceTransformer:

data.netbox_prefixes.prefixes - *terraform.NodeRefreshableDataResourceInstance
2018/08/16 11:17:48 [TRACE] Graph after step *terraform.RootTransformer:

data.netbox_prefixes.prefixes - *terraform.NodeRefreshableDataResourceInstance
2018/08/16 11:17:48 [TRACE] dag/walk: added new vertex: "data.netbox_prefixes.prefixes"
2018/08/16 11:17:48 [TRACE] dag/walk: walking "data.netbox_prefixes.prefixes"
2018/08/16 11:17:48 [TRACE] vertex 'root.data.netbox_prefixes.prefixes': walking
2018/08/16 11:17:48 [TRACE] vertex 'root.data.netbox_prefixes.prefixes': evaluating
2018/08/16 11:17:48 [TRACE] [walkRefresh] Entering eval tree: data.netbox_prefixes.prefixes
2018/08/16 11:17:48 [TRACE] root: eval: *terraform.EvalSequence
2018/08/16 11:17:48 [TRACE] root: eval: *terraform.EvalWriteState
2018/08/16 11:17:48 [TRACE] root: eval: *terraform.EvalInterpolate
2018/08/16 11:17:48 [TRACE] root: eval: *terraform.EvalIf
2018/08/16 11:17:48 [TRACE] root: eval: terraform.EvalNoop
2018/08/16 11:17:48 [TRACE] root: eval: *terraform.EvalGetProvider
2018/08/16 11:17:48 [TRACE] root: eval: *terraform.EvalReadDataDiff
2018/08/16 11:17:48 [TRACE] root: eval: *terraform.EvalReadDataApply
2018-08-16T11:17:48.775-0300 [DEBUG] plugin.terraform-provider-netbox: 2018/08/16 11:17:48 [DEBUG] JP data_source_netbox_prefixes.go : dataSourceNetboxPrefixesRead &{map[prefixes_id:0xc4206684b0 custom_field_filter:0xc4206685a0] <nil> <nil> 0xc42066f840 map[] <nil> <nil> <nil> <nil> false map[] {{0 0} 0} false false}
2018-08-16T11:17:48.775-0300 [DEBUG] plugin.terraform-provider-netbox: 2018/08/16 11:17:48 É um prefixo ...
2018-08-16T11:17:48.775-0300 [DEBUG] plugin.terraform-provider-netbox: 2018/08/16 11:17:48 data_source_netbox_prefixes.go dataSourceNetboxPrefixesRead - Prefixo: %!i(int=1)
2018-08-16T11:17:48.775-0300 [DEBUG] plugin.terraform-provider-netbox: 2018/08/16 11:17:48 Criei o parm
2018-08-16T11:17:48.775-0300 [DEBUG] plugin.terraform-provider-netbox: 
2018-08-16T11:17:48.775-0300 [DEBUG] plugin.terraform-provider-netbox: 2018/08/16 11:17:48 Setei o parm
2018-08-16T11:17:48.775-0300 [DEBUG] plugin.terraform-provider-netbox: 2018/08/16 11:17:48 Tipo do parm l : **client.NetBox
2018-08-16T11:17:48.778-0300 [DEBUG] plugin.terraform-provider-netbox: panic: interface conversion: interface {} is **client.NetBox, not *netbox.ProviderNetboxClient
2018-08-16T11:17:48.778-0300 [DEBUG] plugin.terraform-provider-netbox: 
2018-08-16T11:17:48.778-0300 [DEBUG] plugin.terraform-provider-netbox: goroutine 14 [running]:
2018-08-16T11:17:48.778-0300 [DEBUG] plugin.terraform-provider-netbox: github.com/limberger/terraform-provider-netbox/plugin/providers/netbox.dataSourceNetboxPrefixesRead(0xc4202978f0, 0xea0820, 0xc4200d0f80, 0xc4202978f0, 0x0)
2018-08-16T11:17:48.778-0300 [DEBUG] plugin.terraform-provider-netbox: 	/home/jpbb/go/src/github.com/limberger/terraform-provider-netbox/plugin/providers/netbox/data_source_netbox_prefixes.go:35 +0x7bc
2018-08-16T11:17:48.778-0300 [DEBUG] plugin.terraform-provider-netbox: github.com/hashicorp/terraform/helper/schema.(*Resource).ReadDataApply(0xc4201be070, 0xc42066f840, 0xea0820, 0xc4200d0f80, 0xc420648d88, 0x4bf901, 0xead2e0)
2018-08-16T11:17:48.778-0300 [DEBUG] plugin.terraform-provider-netbox: 	/home/jpbb/go/src/github.com/hashicorp/terraform/helper/schema/resource.go:290 +0x88
2018-08-16T11:17:48.778-0300 [DEBUG] plugin.terraform-provider-netbox: github.com/hashicorp/terraform/helper/schema.(*Provider).ReadDataApply(0xc4201be0e0, 0xc4201d0730, 0xc42066f840, 0x18, 0x18, 0xc42066f880)
2018-08-16T11:17:48.778-0300 [DEBUG] plugin.terraform-provider-netbox: 	/home/jpbb/go/src/github.com/hashicorp/terraform/helper/schema/provider.go:426 +0x9a
2018-08-16T11:17:48.778-0300 [DEBUG] plugin.terraform-provider-netbox: github.com/hashicorp/terraform/plugin.(*ResourceProviderServer).ReadDataApply(0xc4204e75e0, 0xc4206593e0, 0xc420659550, 0x0, 0x0)
2018-08-16T11:17:48.778-0300 [DEBUG] plugin.terraform-provider-netbox: 	/home/jpbb/go/src/github.com/hashicorp/terraform/plugin/resource_provider.go:604 +0x4e
2018-08-16T11:17:48.778-0300 [DEBUG] plugin.terraform-provider-netbox: reflect.Value.call(0xc420434b40, 0xc4200d0d30, 0x13, 0x110ea0f, 0x4, 0xc420086f18, 0x3, 0x3, 0xc42024eb80, 0x0, ...)
2018-08-16T11:17:48.778-0300 [DEBUG] plugin.terraform-provider-netbox: 	/usr/lib/go-1.10/src/reflect/value.go:447 +0x969
2018-08-16T11:17:48.778-0300 [DEBUG] plugin.terraform-provider-netbox: reflect.Value.Call(0xc420434b40, 0xc4200d0d30, 0x13, 0xc420673f18, 0x3, 0x3, 0x0, 0x0, 0x0)
2018-08-16T11:17:48.778-0300 [DEBUG] plugin.terraform-provider-netbox: 	/usr/lib/go-1.10/src/reflect/value.go:308 +0xa4
2018-08-16T11:17:48.779-0300 [DEBUG] plugin.terraform-provider-netbox: net/rpc.(*service).call(0xc420646a40, 0xc4201d0500, 0xc4205cea98, 0xc4205ceae0, 0xc420529800, 0xc42066ec80, 0xead2a0, 0xc4206593e0, 0x16, 0xead2e0, ...)
2018-08-16T11:17:48.779-0300 [DEBUG] plugin.terraform-provider-netbox: 	/usr/lib/go-1.10/src/net/rpc/server.go:384 +0x14e
2018-08-16T11:17:48.779-0300 [DEBUG] plugin.terraform-provider-netbox: created by net/rpc.(*Server).ServeCodec
2018-08-16T11:17:48.779-0300 [DEBUG] plugin.terraform-provider-netbox: 	/usr/lib/go-1.10/src/net/rpc/server.go:480 +0x43a
2018/08/16 11:17:48 [ERROR] root: eval: *terraform.EvalReadDataApply, err: data.netbox_prefixes.prefixes: unexpected EOF
2018/08/16 11:17:48 [ERROR] root: eval: *terraform.EvalSequence, err: data.netbox_prefixes.prefixes: unexpected EOF
2018/08/16 11:17:48 [TRACE] [walkRefresh] Exiting eval tree: data.netbox_prefixes.prefixes
2018-08-16T11:17:48.782-0300 [DEBUG] plugin: plugin process exited: path=/home/jpbb/go/bin/terraform-provider-netbox
2018/08/16 11:17:48 [TRACE] dag/walk: upstream errored, not walking "provider.netbox (close)"
2018/08/16 11:17:48 [DEBUG] plugin: waiting for all plugin processes to complete...
2018-08-16T11:17:48.782-0300 [WARN ] plugin: error closing client during Kill: err="connection is shut down"
